/usr/local/app/volume/kb_cls_grad/.venv/lib/python3.10/site-packages/jieba/_compat.py:18: UserWarning: pkg_resources is deprecated as an API. See https://setuptools.pypa.io/en/latest/pkg_resources.html. The pkg_resources package is slated for removal as early as 2025-11-30. Refrain from using this package or pin to Setuptools<81.
  import pkg_resources
2026-04-15 10:18:52 - INFO - app.services.kafka_service - Kafka 已禁用，跳过初始化（分类分级暂不使用 kafka）
2026-04-15 10:18:52 - WARNING - kafka.sasl.plain - Sending username and password in the clear
2026-04-15 10:18:52 - INFO - kafka.conn - <BrokerConnection client_id=kafka-python-producer-1, node_id=bootstrap-0 host=192.168.10.15:39092 <connecting> [IPv4 ('192.168.10.15', 39092)]>: connecting to 192.168.10.15:39092 [('192.168.10.15', 39092) IPv4]
2026-04-15 10:18:52 - INFO - kafka.conn - <BrokerConnection client_id=kafka-python-producer-1, node_id=bootstrap-0 host=192.168.10.15:39092 <checking_api_versions_recv> [IPv4 ('192.168.10.15', 39092)]>: Broker version identified as 2.6
2026-04-15 10:18:52 - INFO - kafka.conn - <BrokerConnection client_id=kafka-python-producer-1, node_id=bootstrap-0 host=192.168.10.15:39092 <authenticating> [IPv4 ('192.168.10.15', 39092)]>: Authenticated as sw via SASL / Plain
2026-04-15 10:18:52 - INFO - kafka.conn - <BrokerConnection client_id=kafka-python-producer-1, node_id=bootstrap-0 host=192.168.10.15:39092 <connected> [IPv4 ('192.168.10.15', 39092)]>: Connection complete.
2026-04-15 10:18:52,777 - interpretation_specification.scripts.app - INFO - Kafka Producer 初始化成功
2026-04-15 10:18:52 - INFO - interpretation_specification.scripts.app - Kafka Producer 初始化成功
INFO:     Started server process [17284]
INFO:     Waiting for application startup.
2026-04-15 10:18:53 - INFO - app.services.health_monitor_service - 正在启动健康监控服务...
2026-04-15 10:18:53 - INFO - app.services.interface_tracking_service - 接口调用监控服务已启动
2026-04-15 10:18:53 - INFO - app.services.health_monitor_service - 启动健康监控服务
2026-04-15 10:18:53 - INFO - app.services.health_monitor_service - 开始执行健康检查回合
INFO:     Application startup complete.
INFO:     Uvicorn running on http://0.0.0.0:64001 (Press CTRL+C to quit)
2026-04-15 10:18:53 - WARNING - kafka.sasl.plain - Sending username and password in the clear
2026-04-15 10:18:53 - INFO - kafka.conn - <BrokerConnection client_id=kafka-python-producer-1, node_id=1001 host=kafka.com:39092 <connecting> [IPv4 ('192.168.10.134', 39092)]>: connecting to kafka.com:39092 [('192.168.10.134', 39092) IPv4]
2026-04-15 10:18:53 - INFO - kafka.conn - <BrokerConnection client_id=kafka-python-producer-1, node_id=1001 host=kafka.com:39092 <authenticating> [IPv4 ('192.168.10.134', 39092)]>: Authenticated as sw via SASL / Plain
2026-04-15 10:18:53 - INFO - kafka.conn - <BrokerConnection client_id=kafka-python-producer-1, node_id=1001 host=kafka.com:39092 <connected> [IPv4 ('192.168.10.134', 39092)]>: Connection complete.
2026-04-15 10:18:53 - INFO - kafka.conn - <BrokerConnection client_id=kafka-python-producer-1, node_id=bootstrap-0 host=192.168.10.15:39092 <connected> [IPv4 ('192.168.10.15', 39092)]>: Closing connection. 
2026-04-15 10:18:53 - WARNING - kafka.sasl.plain - Sending username and password in the clear
2026-04-15 10:18:53,827 - interpretation_specification.scripts.app - INFO - 已发送 Kafka 消息: {'PushContentType': 0, 'PushDate': '2026-04-15T10:18:53.514455', 'TaskUId': '1121112eqqw2hw11e1', 'Value': {'State': 1, 'ErrorMsg': None}}
2026-04-15 10:18:53 - INFO - interpretation_specification.scripts.app - 已发送 Kafka 消息: {'PushContentType': 0, 'PushDate': '2026-04-15T10:18:53.514455', 'TaskUId': '1121112eqqw2hw11e1', 'Value': {'State': 1, 'ErrorMsg': None}}
2026-04-15 10:18:53,831 - interpretation_specification.scripts.app - INFO - Created directory: /usr/local/app/volume/kb_cls_grad/interpretation_specification/classification_and_grading/standard_1121112eqqw2hw11e1
2026-04-15 10:18:53 - INFO - interpretation_specification.scripts.app - Created directory: /usr/local/app/volume/kb_cls_grad/interpretation_specification/classification_and_grading/standard_1121112eqqw2hw11e1
2026-04-15 10:18:53,835 - interpretation_specification.scripts.app - INFO - Created directory: /usr/local/app/volume/kb_cls_grad/interpretation_specification/classification_and_grading/standard_1121112eqqw2hw11e1/01_raw_documents
2026-04-15 10:18:53 - INFO - interpretation_specification.scripts.app - Created directory: /usr/local/app/volume/kb_cls_grad/interpretation_specification/classification_and_grading/standard_1121112eqqw2hw11e1/01_raw_documents
2026-04-15 10:18:53,839 - interpretation_specification.scripts.app - INFO - Created directory: /usr/local/app/volume/kb_cls_grad/interpretation_specification/classification_and_grading/standard_1121112eqqw2hw11e1/01_raw_documents/excel
2026-04-15 10:18:53 - INFO - interpretation_specification.scripts.app - Created directory: /usr/local/app/volume/kb_cls_grad/interpretation_specification/classification_and_grading/standard_1121112eqqw2hw11e1/01_raw_documents/excel
2026-04-15 10:18:53,844 - interpretation_specification.scripts.app - INFO - Created directory: /usr/local/app/volume/kb_cls_grad/interpretation_specification/classification_and_grading/standard_1121112eqqw2hw11e1/01_raw_documents/supplements
2026-04-15 10:18:53 - INFO - interpretation_specification.scripts.app - Created directory: /usr/local/app/volume/kb_cls_grad/interpretation_specification/classification_and_grading/standard_1121112eqqw2hw11e1/01_raw_documents/supplements
2026-04-15 10:18:53,850 - interpretation_specification.scripts.app - INFO - 确保目录存在: /usr/local/app/volume/kb_cls_grad/interpretation_specification/classification_and_grading/standard_1121112eqqw2hw11e1/01_raw_documents/excel
2026-04-15 10:18:53 - INFO - interpretation_specification.scripts.app - 确保目录存在: /usr/local/app/volume/kb_cls_grad/interpretation_specification/classification_and_grading/standard_1121112eqqw2hw11e1/01_raw_documents/excel
2026-04-15 10:18:53,854 - interpretation_specification.scripts.app - INFO - 保存文件: /usr/local/app/volume/kb_cls_grad/interpretation_specification/classification_and_grading/standard_1121112eqqw2hw11e1/01_raw_documents/excel/2中国移动通信集团有限公司数据安全管理办法.xlsx
2026-04-15 10:18:53 - INFO - interpretation_specification.scripts.app - 保存文件: /usr/local/app/volume/kb_cls_grad/interpretation_specification/classification_and_grading/standard_1121112eqqw2hw11e1/01_raw_documents/excel/2中国移动通信集团有限公司数据安全管理办法.xlsx
2026-04-15 10:18:53,855 - interpretation_specification.scripts.app - INFO - 文件大小: 17415 字节
2026-04-15 10:18:53 - INFO - interpretation_specification.scripts.app - 文件大小: 17415 字节
2026-04-15 10:18:53,855 - interpretation_specification.scripts.app - INFO - 开始对Excel文件进行预处理: /usr/local/app/volume/kb_cls_grad/interpretation_specification/classification_and_grading/standard_1121112eqqw2hw11e1/01_raw_documents/excel/2中国移动通信集团有限公司数据安全管理办法.xlsx
2026-04-15 10:18:53 - INFO - interpretation_specification.scripts.app - 开始对Excel文件进行预处理: /usr/local/app/volume/kb_cls_grad/interpretation_specification/classification_and_grading/standard_1121112eqqw2hw11e1/01_raw_documents/excel/2中国移动通信集团有限公司数据安全管理办法.xlsx
2026-04-15 10:18:54,200 - interpretation_specification.scripts.app - INFO - Excel文件预处理完成并已覆盖原始文件: /usr/local/app/volume/kb_cls_grad/interpretation_specification/classification_and_grading/standard_1121112eqqw2hw11e1/01_raw_documents/excel/2中国移动通信集团有限公司数据安全管理办法.xlsx
2026-04-15 10:18:54 - INFO - interpretation_specification.scripts.app - Excel文件预处理完成并已覆盖原始文件: /usr/local/app/volume/kb_cls_grad/interpretation_specification/classification_and_grading/standard_1121112eqqw2hw11e1/01_raw_documents/excel/2中国移动通信集团有限公司数据安全管理办法.xlsx
2026-04-15 10:18:54,208 - interpretation_specification.scripts.app - INFO - 映射关系已保存到: /usr/local/app/volume/kb_cls_grad/interpretation_specification/src/other/mapping_1121112eqqw2hw11e1.json
2026-04-15 10:18:54 - INFO - interpretation_specification.scripts.app - 映射关系已保存到: /usr/local/app/volume/kb_cls_grad/interpretation_specification/src/other/mapping_1121112eqqw2hw11e1.json
2026-04-15 10:18:54,226 - interpretation_specification.scripts.app - INFO - ==================================================
2026-04-15 10:18:54 - INFO - interpretation_specification.scripts.app - ==================================================
2026-04-15 10:18:54,226 - interpretation_specification.scripts.app - INFO -                      文件保存位置验证                     
2026-04-15 10:18:54 - INFO - interpretation_specification.scripts.app -                      文件保存位置验证                     
2026-04-15 10:18:54,227 - interpretation_specification.scripts.app - INFO - ==================================================
2026-04-15 10:18:54 - INFO - interpretation_specification.scripts.app - ==================================================
2026-04-15 10:18:54,227 - interpretation_specification.scripts.app - INFO - Excel文件: /usr/local/app/volume/kb_cls_grad/interpretation_specification/classification_and_grading/standard_1121112eqqw2hw11e1/01_raw_documents/excel/2中国移动通信集团有限公司数据安全管理办法.xlsx
2026-04-15 10:18:54 - INFO - interpretation_specification.scripts.app - Excel文件: /usr/local/app/volume/kb_cls_grad/interpretation_specification/classification_and_grading/standard_1121112eqqw2hw11e1/01_raw_documents/excel/2中国移动通信集团有限公司数据安全管理办法.xlsx
2026-04-15 10:18:54,227 - interpretation_specification.scripts.app - INFO - ==================================================
2026-04-15 10:18:54 - INFO - interpretation_specification.scripts.app - ==================================================
2026-04-15 10:18:54,230 - interpretation_specification.scripts.app - INFO - 启动后台处理流程，specificationUId: 1121112eqqw2hw11e1
2026-04-15 10:18:54 - INFO - interpretation_specification.scripts.app - 启动后台处理流程，specificationUId: 1121112eqqw2hw11e1
2026-04-15 10:18:54,235 - interpretation_specification.scripts.app - INFO - 已发送 Kafka 消息: {'PushContentType': 0, 'PushDate': '2026-04-15T10:18:54.230989', 'TaskUId': '1121112eqqw2hw11e1', 'Value': {'State': 2, 'ErrorMsg': None}}
2026-04-15 10:18:54 - INFO - interpretation_specification.scripts.app - 已发送 Kafka 消息: {'PushContentType': 0, 'PushDate': '2026-04-15T10:18:54.230989', 'TaskUId': '1121112eqqw2hw11e1', 'Value': {'State': 2, 'ErrorMsg': None}}
2026-04-15 10:18:54,236 - interpretation_specification.scripts.app - INFO - Successfully created task structure for taskUId: 1121112eqqw2hw11e1
2026-04-15 10:18:54 - INFO - interpretation_specification.scripts.app - Successfully created task structure for taskUId: 1121112eqqw2hw11e1
知识库管理应用已加载
规范解读应用路由已加载
知识库管理应用已加载
规范解读应用路由已加载
健康监控服务已启动
接口调用跟踪服务已启动
================================================================================
开始处理Excel文件
输入文件: /usr/local/app/volume/kb_cls_grad/interpretation_specification/classification_and_grading/standard_1121112eqqw2hw11e1/01_raw_documents/excel/2中国移动通信集团有限公司数据安全管理办法.xlsx
Sheet1名称: Sheet1
Sheet2名称: Sheet2
目标列: 对应特征
================================================================================

步骤1: 处理合并单元格
----------------------------------------
正在处理工作表: Sheet1
正在处理工作表: Sheet2
处理完成，结果已保存为: /tmp/tmpmr_vtby7.xlsx

步骤2: 读取处理后的数据
----------------------------------------
Sheet1 'Sheet1' 大小: (69, 3)
Sheet2 'Sheet2' 大小: (4, 2)

步骤3: 处理Sheet1 (生成编号)
----------------------------------------
Sheet1处理完成!
前5行示例:
             一级分类  ...                                               对应特征
0  A A1 客户身份和标识信息  ...                            客户姓名、证件类型及号码、驾照编号、银行账户等
1  A A1 客户身份和标识信息  ...  联系电话、邮箱地址（如139邮箱地址）、网络客户编号、即时通信账号（如飞信号）、网络社交客户...
2  A A1 客户身份和标识信息  ...                           客户职业、工作单位、年龄、性别、籍贯、兴趣爱好等
3  A A1 客户身份和标识信息  ...  身份证、护照、驾照、营业执照等证件影印件等；个人基因、指纹、声纹、掌纹、耳廓、虹膜、面部识别...
4  A A1 客户身份和标识信息  ...  揭示个人种族、家属信息、居住地址、宗教信仰、基因、个人健康、私人生活等有关的客户私密信息；《...

[5 rows x 3 columns]

步骤4: 构建替换字典
----------------------------------------
构建了 83 个替换项
替换字典前10个示例:
  A1 客户身份和标识信息 -> A A1 客户身份和标识信息
  A2 客户网络身份鉴权信息 -> B A2 客户网络身份鉴权信息
  B1 服务内容和资料数据 -> C B1 服务内容和资料数据
  C1 客户服务使用数据 -> D C1 客户服务使用数据
  C2 设备信息 -> E C2 设备信息
  D1 客户统计分析数据 -> F D1 客户统计分析数据
  E1 网络规划建设类数据 -> G E1 网络规划建设类数据
  E2 网络与系统资源类数据 -> H E2 网络与系统资源类数据
  E3 网络与系统运维类数据 -> I E3 网络与系统运维类数据
  E4 网络安全管理类数据 -> J E4 网络安全管理类数据
  ... 还有 73 项

步骤5: 处理Sheet2 (应用替换)
----------------------------------------
Sheet2处理完成!
Sheet2前5行示例:
        类别                                              子类及范围
0  一般级-第4级  A4 A1-4 实体身份证明、A5 A1-5 客户私密信息、B1 A2-1 客户密码及关联信...
1  一般级-第3级  A1 A1-1 自然人身份标识、C1 B1-1 服务内容数据、D2 C1-2 服务记录和日志...
2  一般级-第2级  A2 A1-2 网络身份标识、A3 A1-3 客户基本信息、A6 A1-6 集团客户信息、D...
3  一般级-第1级        D5 C1-5 违规记录数据、K1 F1-1 产品信息、L F2 公开业务运营服务数据

步骤6: 保存结果
----------------------------------------

处理完成! 结果已保存到: /usr/local/app/volume/kb_cls_grad/interpretation_specification/classification_and_grading/standard_1121112eqqw2hw11e1/01_raw_documents/excel/2中国移动通信集团有限公司数据安全管理办法.xlsx
包含的工作表:
  1. Sheet1_编号后: 处理后的Sheet1
  2. Sheet2_原始: 原始的Sheet2
  3. Sheet2_替换后: 替换后的Sheet2

已删除临时文件: /tmp/tmpmr_vtby7.xlsx
INFO:     172.17.0.1:57378 - "POST /api/v1/specification/tasks HTTP/1.1" 200 OK
2026-04-15 10:18:54,242 - interpretation_specification.scripts.app - INFO - 启动处理流程: /usr/local/app/volume/kb_cls_grad/.venv/bin/python3 -m src.main --all --specification-u-id 1121112eqqw2hw11e1
2026-04-15 10:18:54 - INFO - interpretation_specification.scripts.app - 启动处理流程: /usr/local/app/volume/kb_cls_grad/.venv/bin/python3 -m src.main --all --specification-u-id 1121112eqqw2hw11e1
2026-04-15 10:18:54,243 - interpretation_specification.scripts.app - INFO - 日志文件: /usr/local/app/volume/kb_cls_grad/interpretation_specification/logs/processing_1121112eqqw2hw11e1_20260415_101854.log
2026-04-15 10:18:54 - INFO - interpretation_specification.scripts.app - 日志文件: /usr/local/app/volume/kb_cls_grad/interpretation_specification/logs/processing_1121112eqqw2hw11e1_20260415_101854.log
2026-04-15 10:19:14 - INFO - app.services.health_monitor_service - 第 1 次检查发现有服务不健康
2026-04-15 10:19:35 - INFO - app.services.health_monitor_service - 第 2 次检查发现有服务不健康
2026-04-15 10:19:55 - INFO - app.services.health_monitor_service - 第 3 次检查发现有服务不健康
2026-04-15 10:20:17 - INFO - app.services.health_monitor_service - 第 4 次检查发现有服务不健康
INFO:     Shutting down
INFO:     Waiting for application shutdown.
2026-04-15 10:20:20 - INFO - app.services.health_monitor_service - 已请求停止健康监控服务
2026-04-15 10:20:20 - INFO - app.services.interface_tracking_service - 接口调用监控服务已停止
INFO:     Application shutdown complete.
INFO:     Finished server process [17284]
tracking_service - 接口调用监控服务已停止
